<?xml version="1.0" encoding="UTF-8"?>
<!-- Generated by org.testng.reporters.JUnitXMLReporter -->
<testsuite hostname="DESKTOP-SJON78E" ignored="0" name="Surefire test" tests="12" failures="0" timestamp="04 Aug 2024 17:11:32 GMT" time="0.071" errors="0">
  <testcase name="diff" time="0.003" classname="maven1st_grp.maven1st_artifact.TestingMVN"/>
  <testcase name="div" time="0.001" classname="maven1st_grp.maven1st_artifact.TestingMVN"/>
  <testcase name="mul" time="0.001" classname="maven1st_grp.maven1st_artifact.TestingMVN"/>
  <testcase name="sum" time="0.003" classname="maven1st_grp.maven1st_artifact.TestingMVN"/>
  <testcase name="diff" time="0.0" classname="maven1st_grp.maven1st_artifact.TestingMVN2"/>
  <testcase name="div" time="0.0" classname="maven1st_grp.maven1st_artifact.TestingMVN2"/>
  <testcase name="mul" time="0.0" classname="maven1st_grp.maven1st_artifact.TestingMVN2"/>
  <testcase name="sum" time="0.0" classname="maven1st_grp.maven1st_artifact.TestingMVN2"/>
  <testcase name="diff" time="0.001" classname="maven1st_grp.maven1st_artifact.TestingMVN3"/>
  <testcase name="div" time="0.001" classname="maven1st_grp.maven1st_artifact.TestingMVN3"/>
  <testcase name="mul" time="0.0" classname="maven1st_grp.maven1st_artifact.TestingMVN3"/>
  <testcase name="sum" time="0.0" classname="maven1st_grp.maven1st_artifact.TestingMVN3"/>
</testsuite> <!-- Surefire test -->
