<?xml version="1.0" encoding="UTF-8"?>
<testng-results skipped="0" failed="0" ignored="0" total="12" passed="12">
  <reporter-output>
  </reporter-output>
  <suite name="Surefire suite" duration-ms="71" started-at="2024-08-04T17:11:32Z" finished-at="2024-08-04T17:11:32Z">
    <groups>
    </groups>
    <test name="Surefire test" duration-ms="71" started-at="2024-08-04T17:11:32Z" finished-at="2024-08-04T17:11:32Z">
      <class name="maven1st_grp.maven1st_artifact.TestingMVN">
        <test-method status="PASS" signature="diff()[pri:0, instance:maven1st_grp.maven1st_artifact.TestingMVN@34ce8af7]" name="diff" duration-ms="3" started-at="2024-08-04T17:11:32Z" finished-at="2024-08-04T17:11:32Z">
          <reporter-output>
          </reporter-output>
        </test-method> <!-- diff -->
        <test-method status="PASS" signature="div()[pri:0, instance:maven1st_grp.maven1st_artifact.TestingMVN@34ce8af7]" name="div" duration-ms="1" started-at="2024-08-04T17:11:32Z" finished-at="2024-08-04T17:11:32Z">
          <reporter-output>
          </reporter-output>
        </test-method> <!-- div -->
        <test-method status="PASS" signature="mul()[pri:0, instance:maven1st_grp.maven1st_artifact.TestingMVN@34ce8af7]" name="mul" duration-ms="1" started-at="2024-08-04T17:11:32Z" finished-at="2024-08-04T17:11:32Z">
          <reporter-output>
          </reporter-output>
        </test-method> <!-- mul -->
        <test-method status="PASS" signature="sum()[pri:0, instance:maven1st_grp.maven1st_artifact.TestingMVN@34ce8af7]" name="sum" duration-ms="3" started-at="2024-08-04T17:11:32Z" finished-at="2024-08-04T17:11:32Z">
          <reporter-output>
          </reporter-output>
        </test-method> <!-- sum -->
      </class> <!-- maven1st_grp.maven1st_artifact.TestingMVN -->
      <class name="maven1st_grp.maven1st_artifact.TestingMVN3">
        <test-method status="PASS" signature="diff()[pri:0, instance:maven1st_grp.maven1st_artifact.TestingMVN3@b684286]" name="diff" duration-ms="1" started-at="2024-08-04T17:11:32Z" finished-at="2024-08-04T17:11:32Z">
          <reporter-output>
          </reporter-output>
        </test-method> <!-- diff -->
        <test-method status="PASS" signature="div()[pri:0, instance:maven1st_grp.maven1st_artifact.TestingMVN3@b684286]" name="div" duration-ms="1" started-at="2024-08-04T17:11:32Z" finished-at="2024-08-04T17:11:32Z">
          <reporter-output>
          </reporter-output>
        </test-method> <!-- div -->
        <test-method status="PASS" signature="mul()[pri:0, instance:maven1st_grp.maven1st_artifact.TestingMVN3@b684286]" name="mul" duration-ms="0" started-at="2024-08-04T17:11:32Z" finished-at="2024-08-04T17:11:32Z">
          <reporter-output>
          </reporter-output>
        </test-method> <!-- mul -->
        <test-method status="PASS" signature="sum()[pri:0, instance:maven1st_grp.maven1st_artifact.TestingMVN3@b684286]" name="sum" duration-ms="0" started-at="2024-08-04T17:11:32Z" finished-at="2024-08-04T17:11:32Z">
          <reporter-output>
          </reporter-output>
        </test-method> <!-- sum -->
      </class> <!-- maven1st_grp.maven1st_artifact.TestingMVN3 -->
      <class name="maven1st_grp.maven1st_artifact.TestingMVN2">
        <test-method status="PASS" signature="f()[pri:0, instance:maven1st_grp.maven1st_artifact.TestingMVN2@7a79be86]" name="f" is-config="true" duration-ms="17" started-at="2024-08-04T17:11:32Z" finished-at="2024-08-04T17:11:32Z">
          <reporter-output>
          </reporter-output>
        </test-method> <!-- f -->
        <test-method status="PASS" signature="diff()[pri:0, instance:maven1st_grp.maven1st_artifact.TestingMVN2@7a79be86]" name="diff" duration-ms="0" started-at="2024-08-04T17:11:32Z" finished-at="2024-08-04T17:11:32Z">
          <reporter-output>
          </reporter-output>
        </test-method> <!-- diff -->
        <test-method status="PASS" signature="div()[pri:0, instance:maven1st_grp.maven1st_artifact.TestingMVN2@7a79be86]" name="div" duration-ms="0" started-at="2024-08-04T17:11:32Z" finished-at="2024-08-04T17:11:32Z">
          <reporter-output>
          </reporter-output>
        </test-method> <!-- div -->
        <test-method status="PASS" signature="mul()[pri:0, instance:maven1st_grp.maven1st_artifact.TestingMVN2@7a79be86]" name="mul" duration-ms="0" started-at="2024-08-04T17:11:32Z" finished-at="2024-08-04T17:11:32Z">
          <reporter-output>
          </reporter-output>
        </test-method> <!-- mul -->
        <test-method status="PASS" signature="sum()[pri:0, instance:maven1st_grp.maven1st_artifact.TestingMVN2@7a79be86]" name="sum" duration-ms="0" started-at="2024-08-04T17:11:32Z" finished-at="2024-08-04T17:11:32Z">
          <reporter-output>
          </reporter-output>
        </test-method> <!-- sum -->
      </class> <!-- maven1st_grp.maven1st_artifact.TestingMVN2 -->
    </test> <!-- Surefire test -->
  </suite> <!-- Surefire suite -->
</testng-results>
